#
# There is insufficient memory for the Java Runtime Environment to continue.
# Native memory allocation (malloc) failed to allocate 1470496 bytes. Error detail: Chunk::new
# Possible reasons:
#   The system is out of physical RAM or swap space
#   This process is running with CompressedOops enabled, and the Java Heap may be blocking the growth of the native heap
# Possible solutions:
#   Reduce memory load on the system
#   Increase physical memory or swap space
#   Check if swap backing store is full
#   Decrease Java heap size (-Xmx/-Xms)
#   Decrease number of Java threads
#   Decrease Java thread stack sizes (-Xss)
#   Set larger code cache with -XX:ReservedCodeCacheSize=
#   JVM is running with Unscaled Compressed Oops mode in which the Java heap is
#     placed in the first 4GB address space. The Java Heap base address is the
#     maximum limit for the native heap growth. Please use -XX:HeapBaseMinAddress
#     to set the Java Heap base and to place the Java Heap above 4GB virtual address.
# This output file may be truncated or incomplete.
#
#  Out of Memory Error (arena.cpp:191), pid=3628, tid=16340
#
# JRE version: OpenJDK Runtime Environment Temurin-17.0.19+10 (17.0.19+10) (build 17.0.19+10)
# Java VM: OpenJDK 64-Bit Server VM Temurin-17.0.19+10 (17.0.19+10, mixed mode, sharing, tiered, compressed oops, compressed class ptrs, g1 gc, windows-amd64)
# No core dump will be written. Minidumps are not enabled by default on client versions of Windows
#

---------------  S U M M A R Y ------------

Command Line: --add-opens=java.base/java.util=ALL-UNNAMED --add-opens=java.base/java.lang=ALL-UNNAMED --add-opens=java.base/java.lang.invoke=ALL-UNNAMED --add-opens=java.prefs/java.util.prefs=ALL-UNNAMED --add-exports=jdk.compiler/com.sun.tools.javac.api=ALL-UNNAMED --add-exports=jdk.compiler/com.sun.tools.javac.util=ALL-UNNAMED --add-opens=java.base/java.nio.charset=ALL-UNNAMED --add-opens=java.base/java.net=ALL-UNNAMED --add-opens=java.base/java.util.concurrent.atomic=ALL-UNNAMED -Xmx2048m -Dfile.encoding=UTF-8 -Duser.country=AR -Duser.language=es -Duser.variant -javaagent:C:\Users\robik\.gradle\wrapper\dists\gradle-8.9-bin\90cnw93cvbtalezasaz0blq0a\gradle-8.9\lib\agents\gradle-instrumentation-agent-8.9.jar org.gradle.launcher.daemon.bootstrap.GradleDaemon 8.9

Host: Intel(R) Core(TM) i7-4750HQ CPU @ 2.00GHz, 8 cores, 7G,  Windows 10 , 64 bit Build 19041 (10.0.19041.5915)
Time: Fri Jun 19 18:13:59 2026 Hora est嫕dar de Argentina elapsed time: 11.954323 seconds (0d 0h 0m 11s)

---------------  T H R E A D  ---------------

Current thread (0x000001491dc17860):  JavaThread "C2 CompilerThread2" daemon [_thread_in_native, id=16340, stack(0x0000002389300000,0x0000002389400000)]


Current CompileTask:
C2:11954 7462       4       org.jetbrains.org.objectweb.asm.ClassReader::readMethod (1061 bytes)

Stack: [0x0000002389300000,0x0000002389400000]
Native frames: (J=compiled Java code, j=interpreted, Vv=VM code, C=native code)
V  [jvm.dll+0x684b29]
V  [jvm.dll+0x83a2d5]
V  [jvm.dll+0x83bd4e]
V  [jvm.dll+0x83c3d3]
V  [jvm.dll+0x24905f]
V  [jvm.dll+0xad536]
V  [jvm.dll+0xadbdc]
V  [jvm.dll+0x368d9e]
V  [jvm.dll+0x3331d5]
V  [jvm.dll+0x33263a]
V  [jvm.dll+0x219e69]
V  [jvm.dll+0x2192af]
V  [jvm.dll+0x1a49f0]
V  [jvm.dll+0x2299fa]
V  [jvm.dll+0x227bab]
V  [jvm.dll+0x7f0a88]
V  [jvm.dll+0x7eaf1c]
V  [jvm.dll+0x6839f7]
C  [ucrtbase.dll+0x21bb2]
C  [KERNEL32.DLL+0x17374]
C  [ntdll.dll+0x4cc91]


---------------  P R O C E S S  ---------------

Threads class SMR info:
_java_thread_list=0x000001491f5907b0, length=35, elements={
0x00000148b7071e40, 0x00000148d5139db0, 0x00000148d513a940, 0x00000148d5149bf0,
0x00000148d514b630, 0x00000148d514bf00, 0x00000148d514e7e0, 0x00000148d51513f0,
0x00000148d5155200, 0x00000148d515db20, 0x00000148d51245f0, 0x00000148d58b82f0,
0x000001491ca61240, 0x000001491cc94940, 0x000001491cc6d020, 0x000001491c3e06e0,
0x000001491c3e0bc0, 0x000001491cb3aa90, 0x000001491cb3c3e0, 0x000001491cb3ce00,
0x000001491cb3afa0, 0x000001491cb3b4b0, 0x000001491cb3b9c0, 0x000001491cb3d820,
0x000001491cb3a580, 0x000001491cb3a070, 0x000001491d6355a0, 0x000001491d633c50,
0x000001491d634670, 0x000001491d639c80, 0x000001491d639770, 0x000001491d636ef0,
0x000001491d63a190, 0x000001491bac4030, 0x000001491dc17860
}

Java Threads: ( => current thread )
  0x00000148b7071e40 JavaThread "main" [_thread_blocked, id=10144, stack(0x0000002386100000,0x0000002386200000)]
  0x00000148d5139db0 JavaThread "Reference Handler" daemon [_thread_blocked, id=3856, stack(0x0000002386800000,0x0000002386900000)]
  0x00000148d513a940 JavaThread "Finalizer" daemon [_thread_blocked, id=956, stack(0x0000002386900000,0x0000002386a00000)]
  0x00000148d5149bf0 JavaThread "Signal Dispatcher" daemon [_thread_blocked, id=15628, stack(0x0000002386a00000,0x0000002386b00000)]
  0x00000148d514b630 JavaThread "Attach Listener" daemon [_thread_blocked, id=8148, stack(0x0000002386b00000,0x0000002386c00000)]
  0x00000148d514bf00 JavaThread "Service Thread" daemon [_thread_blocked, id=11012, stack(0x0000002386c00000,0x0000002386d00000)]
  0x00000148d514e7e0 JavaThread "Monitor Deflation Thread" daemon [_thread_blocked, id=15256, stack(0x0000002386d00000,0x0000002386e00000)]
  0x00000148d51513f0 JavaThread "C2 CompilerThread0" daemon [_thread_in_native, id=11848, stack(0x0000002386e00000,0x0000002386f00000)]
  0x00000148d5155200 JavaThread "C1 CompilerThread0" daemon [_thread_blocked, id=8344, stack(0x0000002386f00000,0x0000002387000000)]
  0x00000148d515db20 JavaThread "Sweeper thread" daemon [_thread_blocked, id=8348, stack(0x0000002387000000,0x0000002387100000)]
  0x00000148d51245f0 JavaThread "Common-Cleaner" daemon [_thread_blocked, id=2572, stack(0x0000002387100000,0x0000002387200000)]
  0x00000148d58b82f0 JavaThread "Notification Thread" daemon [_thread_blocked, id=14796, stack(0x0000002387200000,0x0000002387300000)]
  0x000001491ca61240 JavaThread "Daemon health stats" [_thread_blocked, id=508, stack(0x0000002387500000,0x0000002387600000)]
  0x000001491cc94940 JavaThread "Incoming local TCP Connector on port 64197" [_thread_in_native, id=400, stack(0x0000002387a00000,0x0000002387b00000)]
  0x000001491cc6d020 JavaThread "Daemon periodic checks" [_thread_blocked, id=244, stack(0x0000002387b00000,0x0000002387c00000)]
  0x000001491c3e06e0 JavaThread "Daemon" [_thread_blocked, id=11384, stack(0x0000002387400000,0x0000002387500000)]
  0x000001491c3e0bc0 JavaThread "Handler for socket connection from /127.0.0.1:64197 to /127.0.0.1:64198" [_thread_in_native, id=4688, stack(0x0000002387c00000,0x0000002387d00000)]
  0x000001491cb3aa90 JavaThread "Cancel handler" [_thread_blocked, id=15712, stack(0x0000002387d00000,0x0000002387e00000)]
  0x000001491cb3c3e0 JavaThread "Daemon worker" [_thread_in_vm, id=9720, stack(0x0000002387e00000,0x0000002387f00000)]
  0x000001491cb3ce00 JavaThread "Asynchronous log dispatcher for DefaultDaemonConnection: socket connection from /127.0.0.1:64197 to /127.0.0.1:64198" [_thread_blocked, id=8664, stack(0x0000002387f00000,0x0000002388000000)]
  0x000001491cb3afa0 JavaThread "Stdin handler" [_thread_blocked, id=11824, stack(0x0000002388000000,0x0000002388100000)]
  0x000001491cb3b4b0 JavaThread "Daemon client event forwarder" [_thread_blocked, id=5720, stack(0x0000002388100000,0x0000002388200000)]
  0x000001491cb3b9c0 JavaThread "Cache worker for journal cache (C:\Users\robik\.gradle\caches\journal-1)" [_thread_blocked, id=14600, stack(0x0000002388600000,0x0000002388700000)]
  0x000001491cb3d820 JavaThread "File lock request listener" [_thread_in_native, id=3396, stack(0x0000002388700000,0x0000002388800000)]
  0x000001491cb3a580 JavaThread "Cache worker for file hash cache (C:\Users\robik\.gradle\caches\8.9\fileHashes)" [_thread_blocked, id=4668, stack(0x0000002388800000,0x0000002388900000)]
  0x000001491cb3a070 JavaThread "Cache worker for file hash cache (C:\Users\robik\market-ia\apk\jupiter-app\.gradle\8.9\fileHashes)" [_thread_blocked, id=5756, stack(0x0000002388900000,0x0000002388a00000)]
  0x000001491d6355a0 JavaThread "Cache worker for Build Output Cleanup Cache (C:\Users\robik\market-ia\apk\jupiter-app\.gradle\buildOutputCleanup)" [_thread_blocked, id=15892, stack(0x0000002388a00000,0x0000002388b00000)]
  0x000001491d633c50 JavaThread "File watcher server" daemon [_thread_in_native, id=16116, stack(0x0000002388c00000,0x0000002388d00000)]
  0x000001491d634670 JavaThread "File watcher consumer" daemon [_thread_blocked, id=13592, stack(0x0000002388d00000,0x0000002388e00000)]
  0x000001491d639c80 JavaThread "Cache worker for checksums cache (C:\Users\robik\market-ia\apk\jupiter-app\.gradle\8.9\checksums)" [_thread_blocked, id=14988, stack(0x0000002388e00000,0x0000002388f00000)]
  0x000001491d639770 JavaThread "Cache worker for file content cache (C:\Users\robik\.gradle\caches\8.9\fileContent)" [_thread_blocked, id=15208, stack(0x0000002388f00000,0x0000002389000000)]
  0x000001491d636ef0 JavaThread "Cache worker for cache directory md-rule (C:\Users\robik\.gradle\caches\8.9\md-rule)" [_thread_blocked, id=132, stack(0x0000002389000000,0x0000002389100000)]
  0x000001491d63a190 JavaThread "Cache worker for cache directory md-supplier (C:\Users\robik\.gradle\caches\8.9\md-supplier)" [_thread_blocked, id=7248, stack(0x0000002389100000,0x0000002389200000)]
  0x000001491bac4030 JavaThread "C2 CompilerThread1" daemon [_thread_in_native, id=7160, stack(0x0000002388200000,0x0000002388300000)]
=>0x000001491dc17860 JavaThread "C2 CompilerThread2" daemon [_thread_in_native, id=16340, stack(0x0000002389300000,0x0000002389400000)]

Other Threads:
  0x00000148d51360f0 VMThread "VM Thread" [stack: 0x0000002386700000,0x0000002386800000] [id=15796]
  0x00000148d5857790 WatcherThread [stack: 0x0000002387300000,0x0000002387400000] [id=1080]
  0x00000148b70cfe60 GCTaskThread "GC Thread#0" [stack: 0x0000002386200000,0x0000002386300000] [id=7524]
  0x000001491b695d00 GCTaskThread "GC Thread#1" [stack: 0x0000002387600000,0x0000002387700000] [id=15532]
  0x000001491b148520 GCTaskThread "GC Thread#2" [stack: 0x0000002387700000,0x0000002387800000] [id=16220]
  0x000001491bc58030 GCTaskThread "GC Thread#3" [stack: 0x0000002387800000,0x0000002387900000] [id=16088]
  0x000001491b6a49c0 GCTaskThread "GC Thread#4" [stack: 0x0000002387900000,0x0000002387a00000] [id=10628]
  0x000001491ce25620 GCTaskThread "GC Thread#5" [stack: 0x0000002388300000,0x0000002388400000] [id=1668]
  0x000001491d096010 GCTaskThread "GC Thread#6" [stack: 0x0000002388400000,0x0000002388500000] [id=16236]
  0x000001491caf7ca0 GCTaskThread "GC Thread#7" [stack: 0x0000002388500000,0x0000002388600000] [id=13348]
  0x00000148b70e0cc0 ConcurrentGCThread "G1 Main Marker" [stack: 0x0000002386300000,0x0000002386400000] [id=7352]
  0x00000148b70e15f0 ConcurrentGCThread "G1 Conc#0" [stack: 0x0000002386400000,0x0000002386500000] [id=11788]
  0x000001491e5226e0 ConcurrentGCThread "G1 Conc#1" [stack: 0x0000002388b00000,0x0000002388c00000] [id=7960]
  0x00000148b712d880 ConcurrentGCThread "G1 Refine#0" [stack: 0x0000002386500000,0x0000002386600000] [id=16288]
  0x000001491f654660 ConcurrentGCThread "G1 Refine#1" [stack: 0x0000002389200000,0x0000002389300000] [id=14416]
  0x000001491f623dc0 ConcurrentGCThread "G1 Refine#2" [stack: 0x0000002389400000,0x0000002389500000] [id=4564]
  0x000001491f622060 ConcurrentGCThread "G1 Refine#3" [stack: 0x0000002389500000,0x0000002389600000] [id=16140]
  0x000001491f622c20 ConcurrentGCThread "G1 Refine#4" [stack: 0x0000002389600000,0x0000002389700000] [id=4556]
  0x000001491f622f10 ConcurrentGCThread "G1 Refine#5" [stack: 0x0000002389700000,0x0000002389800000] [id=6780]
  0x00000148b712e0c0 ConcurrentGCThread "G1 Service" [stack: 0x0000002386600000,0x0000002386700000] [id=16048]

Threads with active compile tasks:
C2 CompilerThread0  11988 7447       4       org.jetbrains.org.objectweb.asm.ClassReader::readElementValue (1237 bytes)
C2 CompilerThread1  11988 7429       4       org.jetbrains.kotlin.metadata.ProtoBuf$Function::writeTo (448 bytes)
C2 CompilerThread2  11988 7462       4       org.jetbrains.org.objectweb.asm.ClassReader::readMethod (1061 bytes)

VM state: not at safepoint (normal execution)

VM Mutex/Monitor currently owned by a thread: None

Heap address: 0x0000000080000000, size: 2048 MB, Compressed Oops mode: 32-bit

CDS archive(s) mapped at: [0x00000148d6000000-0x00000148d6bb0000-0x00000148d6bb0000), size 12255232, SharedBaseAddress: 0x00000148d6000000, ArchiveRelocationMode: 1.
Compressed class space mapped at: 0x00000148d7000000-0x0000014917000000, reserved size: 1073741824
Narrow klass base: 0x00000148d6000000, Narrow klass shift: 0, Narrow klass range: 0x100000000

GC Precious Log:
 CPUs: 8 total, 8 available
 Memory: 8100M
 Large Page Support: Disabled
 NUMA Support: Disabled
 Compressed Oops: Enabled (32-bit)
 Heap Region Size: 1M
 Heap Min Capacity: 8M
 Heap Initial Capacity: 128M
 Heap Max Capacity: 2G
 Pre-touch: Disabled
 Parallel Workers: 8
 Concurrent Workers: 2
 Concurrent Refinement Workers: 8
 Periodic GC: Disabled

Heap:
 garbage-first heap   total 171008K, used 99863K [0x0000000080000000, 0x0000000100000000)
  region size 1024K, 34 young (34816K), 5 survivors (5120K)
 Metaspace       used 87122K, committed 87744K, reserved 1179648K
  class space    used 11771K, committed 12032K, reserved 1048576K

Heap Regions: E=young(eden), S=young(survivor), O=old, HS=humongous(starts), HC=humongous(continues), CS=collection set, F=free, OA=open archive, CA=closed archive, TAMS=top-at-mark-start (previous, next)
|   0|0x0000000080000000, 0x0000000080100000, 0x0000000080100000|100%|HS|  |TAMS 0x0000000080100000, 0x0000000080000000| Complete 
|   1|0x0000000080100000, 0x0000000080200000, 0x0000000080200000|100%|HC|  |TAMS 0x0000000080200000, 0x0000000080100000| Complete 
|   2|0x0000000080200000, 0x0000000080300000, 0x0000000080300000|100%|HC|  |TAMS 0x0000000080300000, 0x0000000080200000| Complete 
|   3|0x0000000080300000, 0x0000000080400000, 0x0000000080400000|100%|HC|  |TAMS 0x0000000080400000, 0x0000000080300000| Complete 
|   4|0x0000000080400000, 0x0000000080500000, 0x0000000080500000|100%| O|  |TAMS 0x0000000080500000, 0x0000000080400000| Untracked 
|   5|0x0000000080500000, 0x0000000080600000, 0x0000000080600000|100%| O|  |TAMS 0x0000000080600000, 0x0000000080500000| Untracked 
|   6|0x0000000080600000, 0x0000000080700000, 0x0000000080700000|100%| O|  |TAMS 0x0000000080700000, 0x0000000080600000| Untracked 
|   7|0x0000000080700000, 0x0000000080800000, 0x0000000080800000|100%| O|  |TAMS 0x0000000080800000, 0x0000000080700000| Untracked 
|   8|0x0000000080800000, 0x0000000080900000, 0x0000000080900000|100%| O|  |TAMS 0x0000000080900000, 0x0000000080800000| Untracked 
|   9|0x0000000080900000, 0x0000000080a00000, 0x0000000080a00000|100%| O|  |TAMS 0x0000000080a00000, 0x0000000080900000| Untracked 
|  10|0x0000000080a00000, 0x0000000080b00000, 0x0000000080b00000|100%| O|  |TAMS 0x0000000080b00000, 0x0000000080a00000| Untracked 
|  11|0x0000000080b00000, 0x0000000080c00000, 0x0000000080c00000|100%|HS|  |TAMS 0x0000000080c00000, 0x0000000080b00000| Complete 
|  12|0x0000000080c00000, 0x0000000080d00000, 0x0000000080d00000|100%| O|  |TAMS 0x0000000080d00000, 0x0000000080c00000| Untracked 
|  13|0x0000000080d00000, 0x0000000080e00000, 0x0000000080e00000|100%| O|  |TAMS 0x0000000080e00000, 0x0000000080d00000| Untracked 
|  14|0x0000000080e00000, 0x0000000080f00000, 0x0000000080f00000|100%| O|  |TAMS 0x0000000080f00000, 0x0000000080e00000| Untracked 
|  15|0x0000000080f00000, 0x0000000081000000, 0x0000000081000000|100%| O|  |TAMS 0x0000000081000000, 0x0000000080f00000| Untracked 
|  16|0x0000000081000000, 0x0000000081100000, 0x0000000081100000|100%| O|  |TAMS 0x0000000081100000, 0x0000000081000000| Untracked 
|  17|0x0000000081100000, 0x0000000081200000, 0x0000000081200000|100%| O|  |TAMS 0x0000000081200000, 0x0000000081100000| Untracked 
|  18|0x0000000081200000, 0x0000000081300000, 0x0000000081300000|100%| O|  |TAMS 0x0000000081300000, 0x0000000081200000| Untracked 
|  19|0x0000000081300000, 0x00000000813dd600, 0x0000000081400000| 86%| O|  |TAMS 0x00000000813dd600, 0x0000000081300000| Untracked 
|  20|0x0000000081400000, 0x0000000081500000, 0x0000000081500000|100%| O|  |TAMS 0x0000000081500000, 0x0000000081400000| Untracked 
|  21|0x0000000081500000, 0x0000000081600000, 0x0000000081600000|100%| O|  |TAMS 0x0000000081600000, 0x0000000081500000| Untracked 
|  22|0x0000000081600000, 0x0000000081700000, 0x0000000081700000|100%| O|  |TAMS 0x0000000081700000, 0x0000000081600000| Untracked 
|  23|0x0000000081700000, 0x0000000081800000, 0x0000000081800000|100%| O|  |TAMS 0x0000000081800000, 0x0000000081700000| Complete 
|  24|0x0000000081800000, 0x0000000081900000, 0x0000000081900000|100%| O|  |TAMS 0x0000000081900000, 0x0000000081800000| Untracked 
|  25|0x0000000081900000, 0x0000000081a00000, 0x0000000081a00000|100%| O|  |TAMS 0x0000000081a00000, 0x0000000081900000| Untracked 
|  26|0x0000000081a00000, 0x0000000081b00000, 0x0000000081b00000|100%| O|  |TAMS 0x0000000081b00000, 0x0000000081a00000| Untracked 
|  27|0x0000000081b00000, 0x0000000081c00000, 0x0000000081c00000|100%| O|  |TAMS 0x0000000081c00000, 0x0000000081b00000| Untracked 
|  28|0x0000000081c00000, 0x0000000081d00000, 0x0000000081d00000|100%| O|  |TAMS 0x0000000081d00000, 0x0000000081c00000| Untracked 
|  29|0x0000000081d00000, 0x0000000081e00000, 0x0000000081e00000|100%| O|  |TAMS 0x0000000081e00000, 0x0000000081d00000| Untracked 
|  30|0x0000000081e00000, 0x0000000081f00000, 0x0000000081f00000|100%| O|  |TAMS 0x0000000081f00000, 0x0000000081e00000| Untracked 
|  31|0x0000000081f00000, 0x0000000082000000, 0x0000000082000000|100%| O|  |TAMS 0x0000000082000000, 0x0000000081f00000| Untracked 
|  32|0x0000000082000000, 0x0000000082100000, 0x0000000082100000|100%| O|  |TAMS 0x0000000082100000, 0x0000000082000000| Untracked 
|  33|0x0000000082100000, 0x0000000082200000, 0x0000000082200000|100%| O|  |TAMS 0x0000000082200000, 0x0000000082100000| Untracked 
|  34|0x0000000082200000, 0x0000000082300000, 0x0000000082300000|100%| O|  |TAMS 0x0000000082300000, 0x0000000082200000| Untracked 
|  35|0x0000000082300000, 0x0000000082400000, 0x0000000082400000|100%| O|  |TAMS 0x0000000082400000, 0x0000000082300000| Untracked 
|  36|0x0000000082400000, 0x0000000082500000, 0x0000000082500000|100%| O|  |TAMS 0x0000000082500000, 0x0000000082400000| Untracked 
|  37|0x0000000082500000, 0x0000000082600000, 0x0000000082600000|100%|HS|  |TAMS 0x0000000082600000, 0x0000000082500000| Complete 
|  38|0x0000000082600000, 0x0000000082700000, 0x0000000082700000|100%|HC|  |TAMS 0x0000000082700000, 0x0000000082600000| Complete 
|  39|0x0000000082700000, 0x0000000082800000, 0x0000000082800000|100%|HC|  |TAMS 0x0000000082800000, 0x0000000082700000| Complete 
|  40|0x0000000082800000, 0x0000000082900000, 0x0000000082900000|100%|HC|  |TAMS 0x0000000082900000, 0x0000000082800000| Complete 
|  41|0x0000000082900000, 0x0000000082a00000, 0x0000000082a00000|100%|HC|  |TAMS 0x0000000082a00000, 0x0000000082900000| Complete 
|  42|0x0000000082a00000, 0x0000000082b00000, 0x0000000082b00000|100%|HC|  |TAMS 0x0000000082b00000, 0x0000000082a00000| Complete 
|  43|0x0000000082b00000, 0x0000000082c00000, 0x0000000082c00000|100%|HS|  |TAMS 0x0000000082c00000, 0x0000000082b00000| Complete 
|  44|0x0000000082c00000, 0x0000000082d00000, 0x0000000082d00000|100%| O|  |TAMS 0x0000000082d00000, 0x0000000082c00000| Untracked 
|  45|0x0000000082d00000, 0x0000000082e00000, 0x0000000082e00000|100%| O|  |TAMS 0x0000000082e00000, 0x0000000082d00000| Untracked 
|  46|0x0000000082e00000, 0x0000000082f00000, 0x0000000082f00000|100%| O|  |TAMS 0x0000000082f00000, 0x0000000082e00000| Untracked 
|  47|0x0000000082f00000, 0x0000000083000000, 0x0000000083000000|100%| O|  |TAMS 0x0000000083000000, 0x0000000082f00000| Untracked 
|  48|0x0000000083000000, 0x0000000083100000, 0x0000000083100000|100%| O|  |TAMS 0x0000000083100000, 0x0000000083000000| Untracked 
|  49|0x0000000083100000, 0x0000000083200000, 0x0000000083200000|100%| O|  |TAMS 0x0000000083200000, 0x0000000083100000| Untracked 
|  50|0x0000000083200000, 0x0000000083300000, 0x0000000083300000|100%| O|  |TAMS 0x0000000083300000, 0x0000000083200000| Untracked 
|  51|0x0000000083300000, 0x0000000083400000, 0x0000000083400000|100%| O|  |TAMS 0x0000000083400000, 0x0000000083300000| Untracked 
|  52|0x0000000083400000, 0x0000000083500000, 0x0000000083500000|100%| O|  |TAMS 0x0000000083500000, 0x0000000083400000| Untracked 
|  53|0x0000000083500000, 0x0000000083600000, 0x0000000083600000|100%| O|  |TAMS 0x0000000083600000, 0x0000000083500000| Untracked 
|  54|0x0000000083600000, 0x0000000083700000, 0x0000000083700000|100%| O|  |TAMS 0x0000000083700000, 0x0000000083600000| Untracked 
|  55|0x0000000083700000, 0x0000000083800000, 0x0000000083800000|100%| O|  |TAMS 0x0000000083800000, 0x0000000083700000| Untracked 
|  56|0x0000000083800000, 0x0000000083900000, 0x0000000083900000|100%| O|  |TAMS 0x0000000083900000, 0x0000000083800000| Untracked 
|  57|0x0000000083900000, 0x0000000083a00000, 0x0000000083a00000|100%| O|  |TAMS 0x0000000083a00000, 0x0000000083900000| Untracked 
|  58|0x0000000083a00000, 0x0000000083b00000, 0x0000000083b00000|100%| O|  |TAMS 0x0000000083b00000, 0x0000000083a00000| Untracked 
|  59|0x0000000083b00000, 0x0000000083c00000, 0x0000000083c00000|100%| O|  |TAMS 0x0000000083c00000, 0x0000000083b00000| Untracked 
|  60|0x0000000083c00000, 0x0000000083d00000, 0x0000000083d00000|100%| O|  |TAMS 0x0000000083d00000, 0x0000000083c00000| Untracked 
|  61|0x0000000083d00000, 0x0000000083e00000, 0x0000000083e00000|100%| O|  |TAMS 0x0000000083e00000, 0x0000000083d00000| Untracked 
|  62|0x0000000083e00000, 0x0000000083f00000, 0x0000000083f00000|100%| O|  |TAMS 0x0000000083f00000, 0x0000000083e00000| Untracked 
|  63|0x0000000083f00000, 0x0000000084000000, 0x0000000084000000|100%| O|  |TAMS 0x0000000084000000, 0x0000000083f00000| Untracked 
|  64|0x0000000084000000, 0x0000000084000000, 0x0000000084100000|  0%| F|  |TAMS 0x0000000084000000, 0x0000000084000000| Untracked 
|  65|0x0000000084100000, 0x0000000084200000, 0x0000000084200000|100%| O|  |TAMS 0x0000000084200000, 0x0000000084100000| Untracked 
|  66|0x0000000084200000, 0x000000008427ac00, 0x0000000084300000| 47%| O|  |TAMS 0x000000008427ac00, 0x0000000084200000| Untracked 
|  67|0x0000000084300000, 0x0000000084300000, 0x0000000084400000|  0%| F|  |TAMS 0x0000000084300000, 0x0000000084300000| Untracked 
|  68|0x0000000084400000, 0x0000000084400000, 0x0000000084500000|  0%| F|  |TAMS 0x0000000084400000, 0x0000000084400000| Untracked 
|  69|0x0000000084500000, 0x0000000084500000, 0x0000000084600000|  0%| F|  |TAMS 0x0000000084500000, 0x0000000084500000| Untracked 
|  70|0x0000000084600000, 0x0000000084600000, 0x0000000084700000|  0%| F|  |TAMS 0x0000000084600000, 0x0000000084600000| Untracked 
|  71|0x0000000084700000, 0x0000000084700000, 0x0000000084800000|  0%| F|  |TAMS 0x0000000084700000, 0x0000000084700000| Untracked 
|  72|0x0000000084800000, 0x0000000084800000, 0x0000000084900000|  0%| F|  |TAMS 0x0000000084800000, 0x0000000084800000| Untracked 
|  73|0x0000000084900000, 0x0000000084900000, 0x0000000084a00000|  0%| F|  |TAMS 0x0000000084900000, 0x0000000084900000| Untracked 
|  74|0x0000000084a00000, 0x0000000084a00000, 0x0000000084b00000|  0%| F|  |TAMS 0x0000000084a00000, 0x0000000084a00000| Untracked 
|  75|0x0000000084b00000, 0x0000000084b00000, 0x0000000084c00000|  0%| F|  |TAMS 0x0000000084b00000, 0x0000000084b00000| Untracked 
|  76|0x0000000084c00000, 0x0000000084c00000, 0x0000000084d00000|  0%| F|  |TAMS 0x0000000084c00000, 0x0000000084c00000| Untracked 
|  77|0x0000000084d00000, 0x0000000084d00000, 0x0000000084e00000|  0%| F|  |TAMS 0x0000000084d00000, 0x0000000084d00000| Untracked 
|  78|0x0000000084e00000, 0x0000000084e00000, 0x0000000084f00000|  0%| F|  |TAMS 0x0000000084e00000, 0x0000000084e00000| Untracked 
|  79|0x0000000084f00000, 0x0000000084f00000, 0x0000000085000000|  0%| F|  |TAMS 0x0000000084f00000, 0x0000000084f00000| Untracked 
|  80|0x0000000085000000, 0x0000000085000000, 0x0000000085100000|  0%| F|  |TAMS 0x0000000085000000, 0x0000000085000000| Untracked 
|  81|0x0000000085100000, 0x0000000085100000, 0x0000000085200000|  0%| F|  |TAMS 0x0000000085100000, 0x0000000085100000| Untracked 
|  82|0x0000000085200000, 0x0000000085200000, 0x0000000085300000|  0%| F|  |TAMS 0x0000000085200000, 0x0000000085200000| Untracked 
|  83|0x0000000085300000, 0x0000000085300000, 0x0000000085400000|  0%| F|  |TAMS 0x0000000085300000, 0x0000000085300000| Untracked 
|  84|0x0000000085400000, 0x0000000085400000, 0x0000000085500000|  0%| F|  |TAMS 0x0000000085400000, 0x0000000085400000| Untracked 
|  85|0x0000000085500000, 0x0000000085500000, 0x0000000085600000|  0%| F|  |TAMS 0x0000000085500000, 0x0000000085500000| Untracked 
|  86|0x0000000085600000, 0x0000000085600000, 0x0000000085700000|  0%| F|  |TAMS 0x0000000085600000, 0x0000000085600000| Untracked 
|  87|0x0000000085700000, 0x0000000085700000, 0x0000000085800000|  0%| F|  |TAMS 0x0000000085700000, 0x0000000085700000| Untracked 
|  88|0x0000000085800000, 0x0000000085800000, 0x0000000085900000|  0%| F|  |TAMS 0x0000000085800000, 0x0000000085800000| Untracked 
|  89|0x0000000085900000, 0x000000008592dc60, 0x0000000085a00000| 17%| S|CS|TAMS 0x0000000085900000, 0x0000000085900000| Complete 
|  90|0x0000000085a00000, 0x0000000085b00000, 0x0000000085b00000|100%| S|CS|TAMS 0x0000000085a00000, 0x0000000085a00000| Complete 
|  91|0x0000000085b00000, 0x0000000085c00000, 0x0000000085c00000|100%| S|CS|TAMS 0x0000000085b00000, 0x0000000085b00000| Complete 
|  92|0x0000000085c00000, 0x0000000085d00000, 0x0000000085d00000|100%| S|CS|TAMS 0x0000000085c00000, 0x0000000085c00000| Complete 
|  93|0x0000000085d00000, 0x0000000085e00000, 0x0000000085e00000|100%| S|CS|TAMS 0x0000000085d00000, 0x0000000085d00000| Complete 
|  94|0x0000000085e00000, 0x0000000085e00000, 0x0000000085f00000|  0%| F|  |TAMS 0x0000000085e00000, 0x0000000085e00000| Untracked 
|  95|0x0000000085f00000, 0x0000000085f00000, 0x0000000086000000|  0%| F|  |TAMS 0x0000000085f00000, 0x0000000085f00000| Untracked 
|  96|0x0000000086000000, 0x0000000086000000, 0x0000000086100000|  0%| F|  |TAMS 0x0000000086000000, 0x0000000086000000| Untracked 
|  97|0x0000000086100000, 0x0000000086100000, 0x0000000086200000|  0%| F|  |TAMS 0x0000000086100000, 0x0000000086100000| Untracked 
|  98|0x0000000086200000, 0x0000000086200000, 0x0000000086300000|  0%| F|  |TAMS 0x0000000086200000, 0x0000000086200000| Untracked 
|  99|0x0000000086300000, 0x0000000086300000, 0x0000000086400000|  0%| F|  |TAMS 0x0000000086300000, 0x0000000086300000| Untracked 
| 100|0x0000000086400000, 0x0000000086400000, 0x0000000086500000|  0%| F|  |TAMS 0x0000000086400000, 0x0000000086400000| Untracked 
| 101|0x0000000086500000, 0x0000000086500000, 0x0000000086600000|  0%| F|  |TAMS 0x0000000086500000, 0x0000000086500000| Untracked 
| 102|0x0000000086600000, 0x0000000086600000, 0x0000000086700000|  0%| F|  |TAMS 0x0000000086600000, 0x0000000086600000| Untracked 
| 103|0x0000000086700000, 0x0000000086700000, 0x0000000086800000|  0%| F|  |TAMS 0x0000000086700000, 0x0000000086700000| Untracked 
| 104|0x0000000086800000, 0x0000000086800000, 0x0000000086900000|  0%| F|  |TAMS 0x0000000086800000, 0x0000000086800000| Untracked 
| 105|0x0000000086900000, 0x0000000086900000, 0x0000000086a00000|  0%| F|  |TAMS 0x0000000086900000, 0x0000000086900000| Untracked 
| 106|0x0000000086a00000, 0x0000000086a00000, 0x0000000086b00000|  0%| F|  |TAMS 0x0000000086a00000, 0x0000000086a00000| Untracked 
| 107|0x0000000086b00000, 0x0000000086b00000, 0x0000000086c00000|  0%| F|  |TAMS 0x0000000086b00000, 0x0000000086b00000| Untracked 
| 108|0x0000000086c00000, 0x0000000086c00000, 0x0000000086d00000|  0%| F|  |TAMS 0x0000000086c00000, 0x0000000086c00000| Untracked 
| 109|0x0000000086d00000, 0x0000000086d00000, 0x0000000086e00000|  0%| F|  |TAMS 0x0000000086d00000, 0x0000000086d00000| Untracked 
| 110|0x0000000086e00000, 0x0000000086e00000, 0x0000000086f00000|  0%| F|  |TAMS 0x0000000086e00000, 0x0000000086e00000| Untracked 
| 111|0x0000000086f00000, 0x0000000086f00000, 0x0000000087000000|  0%| F|  |TAMS 0x0000000086f00000, 0x0000000086f00000| Untracked 
| 112|0x0000000087000000, 0x0000000087000000, 0x0000000087100000|  0%| F|  |TAMS 0x0000000087000000, 0x0000000087000000| Untracked 
| 113|0x0000000087100000, 0x0000000087100000, 0x0000000087200000|  0%| F|  |TAMS 0x0000000087100000, 0x0000000087100000| Untracked 
| 114|0x0000000087200000, 0x0000000087200000, 0x0000000087300000|  0%| F|  |TAMS 0x0000000087200000, 0x0000000087200000| Untracked 
| 115|0x0000000087300000, 0x0000000087300000, 0x0000000087400000|  0%| F|  |TAMS 0x0000000087300000, 0x0000000087300000| Untracked 
| 116|0x0000000087400000, 0x0000000087400000, 0x0000000087500000|  0%| F|  |TAMS 0x0000000087400000, 0x0000000087400000| Untracked 
| 117|0x0000000087500000, 0x0000000087500000, 0x0000000087600000|  0%| F|  |TAMS 0x0000000087500000, 0x0000000087500000| Untracked 
| 118|0x0000000087600000, 0x0000000087600000, 0x0000000087700000|  0%| F|  |TAMS 0x0000000087600000, 0x0000000087600000| Untracked 
| 119|0x0000000087700000, 0x0000000087700000, 0x0000000087800000|  0%| F|  |TAMS 0x0000000087700000, 0x0000000087700000| Untracked 
| 120|0x0000000087800000, 0x0000000087800000, 0x0000000087900000|  0%| F|  |TAMS 0x0000000087800000, 0x0000000087800000| Untracked 
| 121|0x0000000087900000, 0x0000000087900000, 0x0000000087a00000|  0%| F|  |TAMS 0x0000000087900000, 0x0000000087900000| Untracked 
| 122|0x0000000087a00000, 0x0000000087a00000, 0x0000000087b00000|  0%| F|  |TAMS 0x0000000087a00000, 0x0000000087a00000| Untracked 
| 123|0x0000000087b00000, 0x0000000087b00000, 0x0000000087c00000|  0%| F|  |TAMS 0x0000000087b00000, 0x0000000087b00000| Untracked 
| 124|0x0000000087c00000, 0x0000000087c00000, 0x0000000087d00000|  0%| F|  |TAMS 0x0000000087c00000, 0x0000000087c00000| Untracked 
| 125|0x0000000087d00000, 0x0000000087d00000, 0x0000000087e00000|  0%| F|  |TAMS 0x0000000087d00000, 0x0000000087d00000| Untracked 
| 126|0x0000000087e00000, 0x0000000087e00000, 0x0000000087f00000|  0%| F|  |TAMS 0x0000000087e00000, 0x0000000087e00000| Untracked 
| 127|0x0000000087f00000, 0x0000000087f00000, 0x0000000088000000|  0%| F|  |TAMS 0x0000000087f00000, 0x0000000087f00000| Untracked 
| 128|0x0000000088000000, 0x0000000088000000, 0x0000000088100000|  0%| F|  |TAMS 0x0000000088000000, 0x0000000088000000| Untracked 
| 129|0x0000000088100000, 0x0000000088100000, 0x0000000088200000|  0%| F|  |TAMS 0x0000000088100000, 0x0000000088100000| Untracked 
| 130|0x0000000088200000, 0x0000000088200000, 0x0000000088300000|  0%| F|  |TAMS 0x0000000088200000, 0x0000000088200000| Untracked 
| 131|0x0000000088300000, 0x0000000088300000, 0x0000000088400000|  0%| F|  |TAMS 0x0000000088300000, 0x0000000088300000| Untracked 
| 132|0x0000000088400000, 0x0000000088400000, 0x0000000088500000|  0%| F|  |TAMS 0x0000000088400000, 0x0000000088400000| Untracked 
| 133|0x0000000088500000, 0x0000000088500000, 0x0000000088600000|  0%| F|  |TAMS 0x0000000088500000, 0x0000000088500000| Untracked 
| 134|0x0000000088600000, 0x0000000088600000, 0x0000000088700000|  0%| F|  |TAMS 0x0000000088600000, 0x0000000088600000| Untracked 
| 135|0x0000000088700000, 0x0000000088700000, 0x0000000088800000|  0%| F|  |TAMS 0x0000000088700000, 0x0000000088700000| Untracked 
| 136|0x0000000088800000, 0x0000000088800000, 0x0000000088900000|  0%| F|  |TAMS 0x0000000088800000, 0x0000000088800000| Untracked 
| 137|0x0000000088900000, 0x0000000088900000, 0x0000000088a00000|  0%| F|  |TAMS 0x0000000088900000, 0x0000000088900000| Untracked 
| 138|0x0000000088a00000, 0x0000000088b00000, 0x0000000088b00000|100%| E|  |TAMS 0x0000000088a00000, 0x0000000088a00000| Complete 
| 139|0x0000000088b00000, 0x0000000088c00000, 0x0000000088c00000|100%| E|CS|TAMS 0x0000000088b00000, 0x0000000088b00000| Complete 
| 140|0x0000000088c00000, 0x0000000088d00000, 0x0000000088d00000|100%| E|CS|TAMS 0x0000000088c00000, 0x0000000088c00000| Complete 
| 141|0x0000000088d00000, 0x0000000088e00000, 0x0000000088e00000|100%| E|CS|TAMS 0x0000000088d00000, 0x0000000088d00000| Complete 
| 142|0x0000000088e00000, 0x0000000088f00000, 0x0000000088f00000|100%| E|CS|TAMS 0x0000000088e00000, 0x0000000088e00000| Complete 
| 143|0x0000000088f00000, 0x0000000089000000, 0x0000000089000000|100%| E|CS|TAMS 0x0000000088f00000, 0x0000000088f00000| Complete 
| 144|0x0000000089000000, 0x0000000089100000, 0x0000000089100000|100%| E|CS|TAMS 0x0000000089000000, 0x0000000089000000| Complete 
| 145|0x0000000089100000, 0x0000000089200000, 0x0000000089200000|100%| E|CS|TAMS 0x0000000089100000, 0x0000000089100000| Complete 
| 146|0x0000000089200000, 0x0000000089300000, 0x0000000089300000|100%| E|CS|TAMS 0x0000000089200000, 0x0000000089200000| Complete 
| 147|0x0000000089300000, 0x0000000089400000, 0x0000000089400000|100%| E|CS|TAMS 0x0000000089300000, 0x0000000089300000| Complete 
| 148|0x0000000089400000, 0x0000000089500000, 0x0000000089500000|100%| E|CS|TAMS 0x0000000089400000, 0x0000000089400000| Complete 
| 149|0x0000000089500000, 0x0000000089600000, 0x0000000089600000|100%| E|CS|TAMS 0x0000000089500000, 0x0000000089500000| Complete 
| 150|0x0000000089600000, 0x0000000089700000, 0x0000000089700000|100%| E|CS|TAMS 0x0000000089600000, 0x0000000089600000| Complete 
| 151|0x0000000089700000, 0x0000000089800000, 0x0000000089800000|100%| E|CS|TAMS 0x0000000089700000, 0x0000000089700000| Complete 
| 152|0x0000000089800000, 0x0000000089900000, 0x0000000089900000|100%| E|CS|TAMS 0x0000000089800000, 0x0000000089800000| Complete 
| 153|0x0000000089900000, 0x0000000089a00000, 0x0000000089a00000|100%| E|CS|TAMS 0x0000000089900000, 0x0000000089900000| Complete 
| 154|0x0000000089a00000, 0x0000000089b00000, 0x0000000089b00000|100%| E|CS|TAMS 0x0000000089a00000, 0x0000000089a00000| Complete 
| 155|0x0000000089b00000, 0x0000000089c00000, 0x0000000089c00000|100%| E|CS|TAMS 0x0000000089b00000, 0x0000000089b00000| Complete 
| 156|0x0000000089c00000, 0x0000000089d00000, 0x0000000089d00000|100%| E|CS|TAMS 0x0000000089c00000, 0x0000000089c00000| Complete 
| 157|0x0000000089d00000, 0x0000000089e00000, 0x0000000089e00000|100%| E|CS|TAMS 0x0000000089d00000, 0x0000000089d00000| Complete 
| 158|0x0000000089e00000, 0x0000000089f00000, 0x0000000089f00000|100%| E|CS|TAMS 0x0000000089e00000, 0x0000000089e00000| Complete 
| 159|0x0000000089f00000, 0x000000008a000000, 0x000000008a000000|100%| E|CS|TAMS 0x0000000089f00000, 0x0000000089f00000| Complete 
| 160|0x000000008a000000, 0x000000008a100000, 0x000000008a100000|100%| E|CS|TAMS 0x000000008a000000, 0x000000008a000000| Complete 
| 161|0x000000008a100000, 0x000000008a200000, 0x000000008a200000|100%| E|CS|TAMS 0x000000008a100000, 0x000000008a100000| Complete 
| 162|0x000000008a200000, 0x000000008a300000, 0x000000008a300000|100%| E|CS|TAMS 0x000000008a200000, 0x000000008a200000| Complete 
| 163|0x000000008a300000, 0x000000008a400000, 0x000000008a400000|100%| E|CS|TAMS 0x000000008a300000, 0x000000008a300000| Complete 
| 164|0x000000008a400000, 0x000000008a500000, 0x000000008a500000|100%| E|CS|TAMS 0x000000008a400000, 0x000000008a400000| Complete 
| 165|0x000000008a500000, 0x000000008a600000, 0x000000008a600000|100%| E|CS|TAMS 0x000000008a500000, 0x000000008a500000| Complete 
| 166|0x000000008a600000, 0x000000008a700000, 0x000000008a700000|100%| E|CS|TAMS 0x000000008a600000, 0x000000008a600000| Complete 

Card table byte_map: [0x00000148ce330000,0x00000148ce730000] _byte_map_base: 0x00000148cdf30000

Marking Bits (Prev, Next): (CMBitMap*) 0x00000148b70d0390, (CMBitMap*) 0x00000148b70d03d0
 Prev Bits: [0x00000148ceb30000, 0x00000148d0b30000)
 Next Bits: [0x00000148d0b30000, 0x00000148d2b30000)

Polling page: 0x00000148b6830000

Metaspace:

Usage:
  Non-class:     73.62 MB used.
      Class:     11.50 MB used.
       Both:     85.12 MB used.

Virtual space:
  Non-class space:      128.00 MB reserved,      73.94 MB ( 58%) committed,  2 nodes.
      Class space:        1.00 GB reserved,      11.75 MB (  1%) committed,  1 nodes.
             Both:        1.12 GB reserved,      85.69 MB (  7%) committed. 

Chunk freelists:
   Non-Class:  6.02 MB
       Class:  4.06 MB
        Both:  10.08 MB

MaxMetaspaceSize: unlimited
CompressedClassSpaceSize: 1.00 GB
Initial GC threshold: 21.00 MB
Current GC threshold: 138.75 MB
CDS: on
MetaspaceReclaimPolicy: balanced
 - commit_granule_bytes: 65536.
 - commit_granule_words: 8192.
 - virtual_space_node_default_size: 8388608.
 - enlarge_chunks_in_place: 1.
 - new_chunks_are_fully_committed: 0.
 - uncommit_free_chunks: 1.
 - use_allocation_guard: 0.
 - handle_deallocations: 1.


Internal statistics:

num_allocs_failed_limit: 9.
num_arena_births: 680.
num_arena_deaths: 0.
num_vsnodes_births: 3.
num_vsnodes_deaths: 0.
num_space_committed: 1369.
num_space_uncommitted: 0.
num_chunks_returned_to_freelist: 9.
num_chunks_taken_from_freelist: 3847.
num_chunk_merges: 9.
num_chunk_splits: 2935.
num_chunks_enlarged: 2403.
num_inconsistent_stats: 0.

CodeHeap 'non-profiled nmethods': size=120000Kb used=4047Kb max_used=4047Kb free=115952Kb
 bounds [0x00000148c66d0000, 0x00000148c6ad0000, 0x00000148cdc00000]
CodeHeap 'profiled nmethods': size=120000Kb used=13775Kb max_used=13775Kb free=106225Kb
 bounds [0x00000148bec00000, 0x00000148bf980000, 0x00000148c6130000]
CodeHeap 'non-nmethods': size=5760Kb used=1744Kb max_used=1768Kb free=4015Kb
 bounds [0x00000148c6130000, 0x00000148c63a0000, 0x00000148c66d0000]
 total_blobs=7598 nmethods=6754 adapters=754
 compilation: enabled
              stopped_count=0, restarted_count=0
 full_count=0

Compilation events (20 events):
Event: 11.915 Thread 0x00000148d5155200 7564       3       org.jetbrains.kotlin.load.java.lazy.descriptors.ClassDeclaredMemberIndex$methodFilter$1::invoke (9 bytes)
Event: 11.915 Thread 0x00000148d5155200 nmethod 7564 0x00000148bf970990 code [0x00000148bf970b40, 0x00000148bf970d88]
Event: 11.915 Thread 0x00000148d5155200 7565       3       org.jetbrains.kotlin.load.java.lazy.descriptors.ClassDeclaredMemberIndex$methodFilter$1::invoke (47 bytes)
Event: 11.915 Thread 0x00000148d5155200 nmethod 7565 0x00000148bf970e90 code [0x00000148bf971100, 0x00000148bf971b58]
Event: 11.915 Thread 0x00000148d5155200 7569       1       org.jetbrains.kotlin.load.java.typeEnhancement.JavaTypeEnhancement$SimpleResult::getType (5 bytes)
Event: 11.916 Thread 0x00000148d5155200 nmethod 7569 0x00000148c6ac2d90 code [0x00000148c6ac2f20, 0x00000148c6ac2ff8]
Event: 11.916 Thread 0x00000148d5155200 7572       3       org.jetbrains.kotlin.load.java.structure.impl.classFiles.BinaryJavaClass::isInterface (8 bytes)
Event: 11.916 Thread 0x00000148d5155200 nmethod 7572 0x00000148bf971e90 code [0x00000148bf972040, 0x00000148bf9722f8]
Event: 11.916 Thread 0x00000148d5155200 7573       3       org.jetbrains.kotlin.load.java.structure.JavaLoadingKt::isObjectMethodInInterface (43 bytes)
Event: 11.916 Thread 0x00000148d5155200 nmethod 7573 0x00000148bf972410 code [0x00000148bf972680, 0x00000148bf973088]
Event: 11.916 Thread 0x00000148d5155200 7574       3       org.jetbrains.kotlin.resolve.DescriptorUtils::getParentOfType (52 bytes)
Event: 11.917 Thread 0x00000148d5155200 nmethod 7574 0x00000148bf973390 code [0x00000148bf973580, 0x00000148bf973a68]
Event: 11.917 Thread 0x00000148d5155200 7571       1       org.jetbrains.kotlin.types.AbstractTypeConstructor$Supertypes::getAllSupertypes (5 bytes)
Event: 11.917 Thread 0x00000148d5155200 nmethod 7571 0x00000148c6ac3090 code [0x00000148c6ac3220, 0x00000148c6ac32f8]
Event: 11.917 Thread 0x00000148d5155200 7561       1       org.jetbrains.kotlin.load.java.typeEnhancement.SignatureParts::getContainerApplicabilityType (5 bytes)
Event: 11.917 Thread 0x00000148d5155200 nmethod 7561 0x00000148c6ac3390 code [0x00000148c6ac3520, 0x00000148c6ac35f8]
Event: 11.917 Thread 0x00000148d5155200 7562       1       org.jetbrains.kotlin.load.java.typeEnhancement.SignatureParts::getSkipRawTypeArguments (5 bytes)
Event: 11.917 Thread 0x00000148d5155200 nmethod 7562 0x00000148c6ac3690 code [0x00000148c6ac3820, 0x00000148c6ac38f8]
Event: 11.917 Thread 0x00000148d5155200 7570       1       org.jetbrains.kotlin.load.java.typeEnhancement.SignatureParts::isCovariant (5 bytes)
Event: 11.917 Thread 0x00000148d5155200 nmethod 7570 0x00000148c6ac3990 code [0x00000148c6ac3b20, 0x00000148c6ac3bf8]

GC Heap History (20 events):
Event: 8.777 GC heap before
{Heap before GC invocations=22 (full 0):
 garbage-first heap   total 89088K, used 72560K [0x0000000080000000, 0x0000000100000000)
  region size 1024K, 21 young (21504K), 4 survivors (4096K)
 Metaspace       used 62229K, committed 62848K, reserved 1114112K
  class space    used 9076K, committed 9344K, reserved 1048576K
}
Event: 8.784 GC heap after
{Heap after GC invocations=23 (full 0):
 garbage-first heap   total 107520K, used 50431K [0x0000000080000000, 0x0000000100000000)
  region size 1024K, 3 young (3072K), 3 survivors (3072K)
 Metaspace       used 62229K, committed 62848K, reserved 1114112K
  class space    used 9076K, committed 9344K, reserved 1048576K
}
Event: 9.083 GC heap before
{Heap before GC invocations=24 (full 0):
 garbage-first heap   total 107520K, used 72959K [0x0000000080000000, 0x0000000100000000)
  region size 1024K, 26 young (26624K), 3 survivors (3072K)
 Metaspace       used 65171K, committed 65792K, reserved 1114112K
  class space    used 9404K, committed 9664K, reserved 1048576K
}
Event: 9.086 GC heap after
{Heap after GC invocations=25 (full 0):
 garbage-first heap   total 107520K, used 51537K [0x0000000080000000, 0x0000000100000000)
  region size 1024K, 4 young (4096K), 4 survivors (4096K)
 Metaspace       used 65171K, committed 65792K, reserved 1114112K
  class space    used 9404K, committed 9664K, reserved 1048576K
}
Event: 9.500 GC heap before
{Heap before GC invocations=26 (full 0):
 garbage-first heap   total 107520K, used 89425K [0x0000000080000000, 0x0000000100000000)
  region size 1024K, 34 young (34816K), 4 survivors (4096K)
 Metaspace       used 68100K, committed 68672K, reserved 1114112K
  class space    used 9702K, committed 9984K, reserved 1048576K
}
Event: 9.504 GC heap after
{Heap after GC invocations=27 (full 0):
 garbage-first heap   total 107520K, used 61266K [0x0000000080000000, 0x0000000100000000)
  region size 1024K, 4 young (4096K), 4 survivors (4096K)
 Metaspace       used 68100K, committed 68672K, reserved 1114112K
  class space    used 9702K, committed 9984K, reserved 1048576K
}
Event: 9.775 GC heap before
{Heap before GC invocations=27 (full 0):
 garbage-first heap   total 107520K, used 84818K [0x0000000080000000, 0x0000000100000000)
  region size 1024K, 28 young (28672K), 4 survivors (4096K)
 Metaspace       used 71111K, committed 71680K, reserved 1114112K
  class space    used 9944K, committed 10240K, reserved 1048576K
}
Event: 9.779 GC heap after
{Heap after GC invocations=28 (full 0):
 garbage-first heap   total 107520K, used 63315K [0x0000000080000000, 0x0000000100000000)
  region size 1024K, 3 young (3072K), 3 survivors (3072K)
 Metaspace       used 71111K, committed 71680K, reserved 1114112K
  class space    used 9944K, committed 10240K, reserved 1048576K
}
Event: 10.103 GC heap before
{Heap before GC invocations=29 (full 0):
 garbage-first heap   total 116736K, used 85843K [0x0000000080000000, 0x0000000100000000)
  region size 1024K, 26 young (26624K), 3 survivors (3072K)
 Metaspace       used 73775K, committed 74368K, reserved 1114112K
  class space    used 10270K, committed 10560K, reserved 1048576K
}
Event: 10.107 GC heap after
{Heap after GC invocations=30 (full 0):
 garbage-first heap   total 116736K, used 63726K [0x0000000080000000, 0x0000000100000000)
  region size 1024K, 3 young (3072K), 3 survivors (3072K)
 Metaspace       used 73775K, committed 74368K, reserved 1114112K
  class space    used 10270K, committed 10560K, reserved 1048576K
}
Event: 10.486 GC heap before
{Heap before GC invocations=30 (full 0):
 garbage-first heap   total 116736K, used 94446K [0x0000000080000000, 0x0000000100000000)
  region size 1024K, 33 young (33792K), 3 survivors (3072K)
 Metaspace       used 77407K, committed 78016K, reserved 1179648K
  class space    used 10687K, committed 10944K, reserved 1048576K
}
Event: 10.490 GC heap after
{Heap after GC invocations=31 (full 0):
 garbage-first heap   total 116736K, used 65059K [0x0000000080000000, 0x0000000100000000)
  region size 1024K, 4 young (4096K), 4 survivors (4096K)
 Metaspace       used 77407K, committed 78016K, reserved 1179648K
  class space    used 10687K, committed 10944K, reserved 1048576K
}
Event: 10.872 GC heap before
{Heap before GC invocations=32 (full 0):
 garbage-first heap   total 116736K, used 95779K [0x0000000080000000, 0x0000000100000000)
  region size 1024K, 34 young (34816K), 4 survivors (4096K)
 Metaspace       used 81149K, committed 81728K, reserved 1179648K
  class space    used 11184K, committed 11456K, reserved 1048576K
}
Event: 10.878 GC heap after
{Heap after GC invocations=33 (full 0):
 garbage-first heap   total 116736K, used 66841K [0x0000000080000000, 0x0000000100000000)
  region size 1024K, 5 young (5120K), 5 survivors (5120K)
 Metaspace       used 81149K, committed 81728K, reserved 1179648K
  class space    used 11184K, committed 11456K, reserved 1048576K
}
Event: 10.899 GC heap before
{Heap before GC invocations=33 (full 0):
 garbage-first heap   total 116736K, used 68889K [0x0000000080000000, 0x0000000100000000)
  region size 1024K, 8 young (8192K), 5 survivors (5120K)
 Metaspace       used 81188K, committed 81728K, reserved 1179648K
  class space    used 11186K, committed 11456K, reserved 1048576K
}
Event: 10.903 GC heap after
{Heap after GC invocations=34 (full 0):
 garbage-first heap   total 116736K, used 67657K [0x0000000080000000, 0x0000000100000000)
  region size 1024K, 3 young (3072K), 3 survivors (3072K)
 Metaspace       used 81188K, committed 81728K, reserved 1179648K
  class space    used 11186K, committed 11456K, reserved 1048576K
}
Event: 11.041 GC heap before
{Heap before GC invocations=35 (full 0):
 garbage-first heap   total 138240K, used 95305K [0x0000000080000000, 0x0000000100000000)
  region size 1024K, 29 young (29696K), 3 survivors (3072K)
 Metaspace       used 81309K, committed 81856K, reserved 1179648K
  class space    used 11186K, committed 11456K, reserved 1048576K
}
Event: 11.044 GC heap after
{Heap after GC invocations=36 (full 0):
 garbage-first heap   total 138240K, used 68960K [0x0000000080000000, 0x0000000100000000)
  region size 1024K, 2 young (2048K), 2 survivors (2048K)
 Metaspace       used 81309K, committed 81856K, reserved 1179648K
  class space    used 11186K, committed 11456K, reserved 1048576K
}
Event: 11.584 GC heap before
{Heap before GC invocations=36 (full 0):
 garbage-first heap   total 138240K, used 108896K [0x0000000080000000, 0x0000000100000000)
  region size 1024K, 41 young (41984K), 2 survivors (2048K)
 Metaspace       used 84171K, committed 84800K, reserved 1179648K
  class space    used 11470K, committed 11776K, reserved 1048576K
}
Event: 11.588 GC heap after
{Heap after GC invocations=37 (full 0):
 garbage-first heap   total 171008K, used 71191K [0x0000000080000000, 0x0000000100000000)
  region size 1024K, 5 young (5120K), 5 survivors (5120K)
 Metaspace       used 84171K, committed 84800K, reserved 1179648K
  class space    used 11470K, committed 11776K, reserved 1048576K
}

Dll operation events (15 events):
Event: 0.012 Loaded shared library C:\Program Files\Eclipse Adoptium\jdk-17.0.19.10-hotspot\bin\java.dll
Event: 0.028 Loaded shared library C:\Program Files\Eclipse Adoptium\jdk-17.0.19.10-hotspot\bin\jsvml.dll
Event: 0.081 Loaded shared library C:\Program Files\Eclipse Adoptium\jdk-17.0.19.10-hotspot\bin\zip.dll
Event: 0.084 Loaded shared library C:\Program Files\Eclipse Adoptium\jdk-17.0.19.10-hotspot\bin\instrument.dll
Event: 0.089 Loaded shared library C:\Program Files\Eclipse Adoptium\jdk-17.0.19.10-hotspot\bin\net.dll
Event: 0.090 Loaded shared library C:\Program Files\Eclipse Adoptium\jdk-17.0.19.10-hotspot\bin\nio.dll
Event: 0.092 Loaded shared library C:\Program Files\Eclipse Adoptium\jdk-17.0.19.10-hotspot\bin\zip.dll
Event: 0.314 Loaded shared library C:\Program Files\Eclipse Adoptium\jdk-17.0.19.10-hotspot\bin\jimage.dll
Event: 0.468 Loaded shared library C:\Program Files\Eclipse Adoptium\jdk-17.0.19.10-hotspot\bin\verify.dll
Event: 0.600 Loaded shared library C:\Users\robik\.gradle\native\c067742578af261105cb4f569cf0c3c89f3d7b1fecec35dd04571415982c5e48\windows-amd64\native-platform.dll
Event: 0.614 Loaded shared library C:\Users\robik\.gradle\native\100fb08df4bc3b14c8652ba06237920a3bd2aa13389f12d3474272988ae205f9\windows-amd64\native-platform-file-events.dll
Event: 1.812 Loaded shared library C:\Program Files\Eclipse Adoptium\jdk-17.0.19.10-hotspot\bin\management.dll
Event: 1.815 Loaded shared library C:\Program Files\Eclipse Adoptium\jdk-17.0.19.10-hotspot\bin\management_ext.dll
Event: 1.993 Loaded shared library C:\Program Files\Eclipse Adoptium\jdk-17.0.19.10-hotspot\bin\extnet.dll
Event: 2.332 Loaded shared library C:\Program Files\Eclipse Adoptium\jdk-17.0.19.10-hotspot\bin\sunmscapi.dll

Deoptimization events (20 events):
Event: 11.876 Thread 0x000001491cb3c3e0 DEOPT PACKING pc=0x00000148c6a675d8 sp=0x0000002387ef58a0
Event: 11.876 Thread 0x000001491cb3c3e0 DEOPT UNPACKING pc=0x00000148c61869a3 sp=0x0000002387ef57f0 mode 2
Event: 11.876 Thread 0x000001491cb3c3e0 Uncommon trap: trap_request=0xffffffde fr.pc=0x00000148c6a675d8 relative=0x0000000000000558
Event: 11.876 Thread 0x000001491cb3c3e0 Uncommon trap: reason=class_check action=maybe_recompile pc=0x00000148c6a675d8 method=org.jetbrains.kotlin.storage.LockBasedStorageManager$LockBasedLazyValue.invoke()Ljava/lang/Object; @ 24 c2
Event: 11.876 Thread 0x000001491cb3c3e0 DEOPT PACKING pc=0x00000148c6a675d8 sp=0x0000002387ef5440
Event: 11.876 Thread 0x000001491cb3c3e0 DEOPT UNPACKING pc=0x00000148c61869a3 sp=0x0000002387ef5390 mode 2
Event: 11.876 Thread 0x000001491cb3c3e0 Uncommon trap: trap_request=0xffffffde fr.pc=0x00000148c6a675d8 relative=0x0000000000000558
Event: 11.876 Thread 0x000001491cb3c3e0 Uncommon trap: reason=class_check action=maybe_recompile pc=0x00000148c6a675d8 method=org.jetbrains.kotlin.storage.LockBasedStorageManager$LockBasedLazyValue.invoke()Ljava/lang/Object; @ 24 c2
Event: 11.876 Thread 0x000001491cb3c3e0 DEOPT PACKING pc=0x00000148c6a675d8 sp=0x0000002387ef54a0
Event: 11.876 Thread 0x000001491cb3c3e0 DEOPT UNPACKING pc=0x00000148c61869a3 sp=0x0000002387ef53f0 mode 2
Event: 11.876 Thread 0x000001491cb3c3e0 Uncommon trap: trap_request=0xffffffde fr.pc=0x00000148c6aa16d8 relative=0x00000000000028b8
Event: 11.876 Thread 0x000001491cb3c3e0 Uncommon trap: reason=class_check action=maybe_recompile pc=0x00000148c6aa16d8 method=org.jetbrains.kotlin.storage.LockBasedStorageManager$LockBasedLazyValue.invoke()Ljava/lang/Object; @ 24 c2
Event: 11.876 Thread 0x000001491cb3c3e0 DEOPT PACKING pc=0x00000148c6aa16d8 sp=0x0000002387ef5790
Event: 11.876 Thread 0x000001491cb3c3e0 DEOPT UNPACKING pc=0x00000148c61869a3 sp=0x0000002387ef5460 mode 2
Event: 11.880 Thread 0x000001491cb3c3e0 Uncommon trap: trap_request=0xffffffde fr.pc=0x00000148c6a675d8 relative=0x0000000000000558
Event: 11.880 Thread 0x000001491cb3c3e0 Uncommon trap: reason=class_check action=maybe_recompile pc=0x00000148c6a675d8 method=org.jetbrains.kotlin.storage.LockBasedStorageManager$LockBasedLazyValue.invoke()Ljava/lang/Object; @ 24 c2
Event: 11.880 Thread 0x000001491cb3c3e0 DEOPT PACKING pc=0x00000148c6a675d8 sp=0x0000002387ef5260
Event: 11.880 Thread 0x000001491cb3c3e0 DEOPT UNPACKING pc=0x00000148c61869a3 sp=0x0000002387ef51b8 mode 2
Event: 11.905 Thread 0x000001491cb3c3e0 DEOPT PACKING pc=0x00000148beeed43d sp=0x0000002387ef49d0
Event: 11.905 Thread 0x000001491cb3c3e0 DEOPT UNPACKING pc=0x00000148c6187143 sp=0x0000002387ef3e60 mode 0

Classes loaded (20 events):
Event: 8.290 Loading class java/io/UTFDataFormatException
Event: 8.290 Loading class java/io/UTFDataFormatException done
Event: 8.626 Loading class java/nio/channels/NonWritableChannelException
Event: 8.626 Loading class java/nio/channels/NonWritableChannelException done
Event: 10.142 Loading class java/text/StringCharacterIterator
Event: 10.142 Loading class java/text/CharacterIterator
Event: 10.142 Loading class java/text/CharacterIterator done
Event: 10.142 Loading class java/text/StringCharacterIterator done
Event: 10.180 Loading class java/io/NotSerializableException
Event: 10.180 Loading class java/io/NotSerializableException done
Event: 10.287 Loading class java/util/AbstractList$ListItr
Event: 10.287 Loading class java/util/AbstractList$ListItr done
Event: 10.375 Loading class java/util/function/IntUnaryOperator
Event: 10.376 Loading class java/util/function/IntUnaryOperator done
Event: 10.497 Loading class java/util/AbstractList$RandomAccessSubList
Event: 10.497 Loading class java/util/AbstractList$SubList
Event: 10.498 Loading class java/util/AbstractList$SubList done
Event: 10.498 Loading class java/util/AbstractList$RandomAccessSubList done
Event: 10.715 Loading class java/util/AbstractList$SubList$1
Event: 10.715 Loading class java/util/AbstractList$SubList$1 done

Classes unloaded (0 events):
No events

Classes redefined (0 events):
No events

Internal exceptions (20 events):
Event: 7.013 Thread 0x000001491cb3c3e0 Exception <a 'java/lang/IncompatibleClassChangeError'{0x000000008438d930}: Found class java.lang.Object, but interface was expected> (0x000000008438d930) 
thrown [s\src\hotspot\share\interpreter\linkResolver.cpp, line 826]
Event: 7.032 Thread 0x000001491cb3c3e0 Exception <a 'java/lang/NoSuchMethodError'{0x0000000084265780}: 'void java.lang.invoke.DirectMethodHandle$Holder.invokeVirtual(java.lang.Object, java.lang.Object)'> (0x0000000084265780) 
thrown [s\src\hotspot\share\interpreter\linkResolver.cpp, line 759]
Event: 7.066 Thread 0x000001491cb3c3e0 Exception <a 'java/lang/NoSuchMethodError'{0x0000000084035660}: 'java.lang.Object java.lang.invoke.DirectMethodHandle$Holder.invokeStaticInit(java.lang.Object, int)'> (0x0000000084035660) 
thrown [s\src\hotspot\share\interpreter\linkResolver.cpp, line 759]
Event: 7.269 Thread 0x000001491cb3c3e0 Implicit null exception at 0x00000148c682efb3 to 0x00000148c682f104
Event: 7.491 Thread 0x000001491cb3c3e0 Exception <a 'sun/nio/fs/WindowsException'{0x000000008482ed28}> (0x000000008482ed28) 
thrown [s\src\hotspot\share\prims\jni.cpp, line 516]
Event: 7.491 Thread 0x000001491cb3c3e0 Exception <a 'sun/nio/fs/WindowsException'{0x0000000084830880}> (0x0000000084830880) 
thrown [s\src\hotspot\share\prims\jni.cpp, line 516]
Event: 7.636 Thread 0x000001491cb3c3e0 Exception <a 'java/lang/NoSuchMethodError'{0x0000000083ebb4a8}: 'long java.lang.invoke.DirectMethodHandle$Holder.invokeStatic(java.lang.Object)'> (0x0000000083ebb4a8) 
thrown [s\src\hotspot\share\interpreter\linkResolver.cpp, line 759]
Event: 7.637 Thread 0x000001491cb3c3e0 Exception <a 'java/lang/NoSuchMethodError'{0x0000000083ec0048}: 'long java.lang.invoke.DirectMethodHandle$Holder.invokeStaticInit(java.lang.Object)'> (0x0000000083ec0048) 
thrown [s\src\hotspot\share\interpreter\linkResolver.cpp, line 759]
Event: 7.698 Thread 0x000001491cb3c3e0 Exception <a 'java/lang/NoSuchMethodError'{0x000000008380fc48}: 'long java.lang.invoke.Invokers$Holder.invoke_MT(java.lang.Object, java.lang.Object, java.lang.Object, java.lang.Object)'> (0x000000008380fc48) 
thrown [s\src\hotspot\share\interpreter\linkResolver.cpp, line 759]
Event: 7.698 Thread 0x000001491cb3c3e0 Exception <a 'java/lang/NoSuchMethodError'{0x0000000083818ff0}: 'int java.lang.invoke.Invokers$Holder.invoke_MT(java.lang.Object, java.lang.Object, java.lang.Object, java.lang.Object)'> (0x0000000083818ff0) 
thrown [s\src\hotspot\share\interpreter\linkResolver.cpp, line 759]
Event: 7.699 Thread 0x000001491cb3c3e0 Exception <a 'java/lang/NoSuchMethodError'{0x0000000083826100}: 'void java.lang.invoke.DelegatingMethodHandle$Holder.reinvoke_L(java.lang.Object, java.lang.Object, java.lang.Object, long, java.lang.Object)'> (0x0000000083826100) 
thrown [s\src\hotspot\share\interpreter\linkResolver.cpp, line 759]
Event: 7.700 Thread 0x000001491cb3c3e0 Exception <a 'java/lang/NoSuchMethodError'{0x0000000083839970}: 'int java.lang.invoke.DelegatingMethodHandle$Holder.reinvoke_L(java.lang.Object, java.lang.Object, java.lang.Object, long, java.lang.Object, java.lang.Object)'> (0x0000000083839970) 
thrown [s\src\hotspot\share\interpreter\linkResolver.cpp, line 759]
Event: 7.701 Thread 0x000001491cb3c3e0 Exception <a 'java/lang/NoSuchMethodError'{0x00000000838499b0}: 'int java.lang.invoke.DelegatingMethodHandle$Holder.reinvoke_L(java.lang.Object, java.lang.Object, java.lang.Object, long, int, int)'> (0x00000000838499b0) 
thrown [s\src\hotspot\share\interpreter\linkResolver.cpp, line 759]
Event: 7.702 Thread 0x000001491cb3c3e0 Exception <a 'java/lang/NoSuchMethodError'{0x0000000083859798}: 'int java.lang.invoke.DelegatingMethodHandle$Holder.reinvoke_L(java.lang.Object, java.lang.Object, java.lang.Object, long, long, long)'> (0x0000000083859798) 
thrown [s\src\hotspot\share\interpreter\linkResolver.cpp, line 759]
Event: 7.702 Thread 0x000001491cb3c3e0 Exception <a 'java/lang/NoSuchMethodError'{0x0000000083869260}: 'int java.lang.invoke.DelegatingMethodHandle$Holder.reinvoke_L(java.lang.Object, java.lang.Object, java.lang.Object, long, int)'> (0x0000000083869260) 
thrown [s\src\hotspot\share\interpreter\linkResolver.cpp, line 759]
Event: 8.254 Thread 0x000001491cb3c3e0 Exception <a 'java/lang/NoSuchMethodError'{0x0000000087512db0}: 'java.lang.Object java.lang.invoke.Invokers$Holder.invokeExact_MT(java.lang.Object, java.lang.Object, long, java.lang.Object)'> (0x0000000087512db0) 
thrown [s\src\hotspot\share\interpreter\linkResolver.cpp, line 759]
Event: 8.289 Thread 0x000001491cb3c3e0 Exception <a 'java/lang/NoSuchMethodError'{0x0000000085084e30}: 'java.lang.Object java.lang.invoke.Invokers$Holder.invoke_MT(java.lang.Object, java.lang.Object, java.lang.Object)'> (0x0000000085084e30) 
thrown [s\src\hotspot\share\interpreter\linkResolver.cpp, line 759]
Event: 10.735 Thread 0x000001491cb3c3e0 Exception <a 'java/lang/NoSuchMethodError'{0x0000000085ed67d0}: 'java.lang.Object java.lang.invoke.DirectMethodHandle$Holder.invokeStatic(java.lang.Object, java.lang.Object, java.lang.Object, java.lang.Object, int)'> (0x0000000085ed67d0) 
thrown [s\src\hotspot\share\interpreter\linkResolver.cpp, line 759]
Event: 11.463 Thread 0x000001491cb3c3e0 Implicit null exception at 0x00000148c6a637bd to 0x00000148c6a63ee4
Event: 11.463 Thread 0x000001491cb3c3e0 Implicit null exception at 0x00000148c6a22e2f to 0x00000148c6a22e60

VM Operations (20 events):
Event: 10.899 Executing VM operation: G1TryInitiateConcMark
Event: 10.903 Executing VM operation: G1TryInitiateConcMark done
Event: 10.929 Executing VM operation: HandshakeAllThreads
Event: 10.929 Executing VM operation: HandshakeAllThreads done
Event: 10.970 Executing VM operation: G1PauseRemark
Event: 10.973 Executing VM operation: G1PauseRemark done
Event: 11.004 Executing VM operation: G1PauseCleanup
Event: 11.004 Executing VM operation: G1PauseCleanup done
Event: 11.041 Executing VM operation: G1CollectForAllocation
Event: 11.044 Executing VM operation: G1CollectForAllocation done
Event: 11.373 Executing VM operation: ICBufferFull
Event: 11.373 Executing VM operation: ICBufferFull done
Event: 11.583 Executing VM operation: G1CollectForAllocation
Event: 11.588 Executing VM operation: G1CollectForAllocation done
Event: 11.663 Executing VM operation: G1PauseRemark
Event: 11.667 Executing VM operation: G1PauseRemark done
Event: 11.694 Executing VM operation: G1PauseCleanup
Event: 11.694 Executing VM operation: G1PauseCleanup done
Event: 11.791 Executing VM operation: HandshakeAllThreads
Event: 11.791 Executing VM operation: HandshakeAllThreads done

Memory protections (0 events):
No events

Nmethod flushes (20 events):
Event: 6.693 Thread 0x00000148d515db20 flushing  nmethod 0x00000148bf4cc510
Event: 6.693 Thread 0x00000148d515db20 flushing  nmethod 0x00000148bf4cc810
Event: 6.693 Thread 0x00000148d515db20 flushing  nmethod 0x00000148bf4d3e90
Event: 6.693 Thread 0x00000148d515db20 flushing  nmethod 0x00000148bf4d5a90
Event: 6.693 Thread 0x00000148d515db20 flushing  nmethod 0x00000148bf4d7390
Event: 6.693 Thread 0x00000148d515db20 flushing  nmethod 0x00000148bf4d7890
Event: 6.693 Thread 0x00000148d515db20 flushing  nmethod 0x00000148bf4da890
Event: 6.694 Thread 0x00000148d515db20 flushing  nmethod 0x00000148bf503090
Event: 6.694 Thread 0x00000148d515db20 flushing  nmethod 0x00000148bf503590
Event: 6.694 Thread 0x00000148d515db20 flushing  nmethod 0x00000148bf510890
Event: 6.694 Thread 0x00000148d515db20 flushing  nmethod 0x00000148bf530c10
Event: 6.694 Thread 0x00000148d515db20 flushing  nmethod 0x00000148bf53ca10
Event: 6.694 Thread 0x00000148d515db20 flushing  nmethod 0x00000148bf53d590
Event: 6.694 Thread 0x00000148d515db20 flushing  nmethod 0x00000148bf53dd90
Event: 10.929 Thread 0x00000148d515db20 flushing  nmethod 0x00000148c6700490
Event: 10.930 Thread 0x00000148d515db20 flushing  nmethod 0x00000148c68a6190
Event: 10.930 Thread 0x00000148d515db20 flushing  nmethod 0x00000148c68c1590
Event: 10.930 Thread 0x00000148d515db20 flushing  nmethod 0x00000148c68cb410
Event: 10.936 Thread 0x00000148d515db20 flushing  nmethod 0x00000148bf1a5a10
Event: 10.936 Thread 0x00000148d515db20 flushing  nmethod 0x00000148bf273c90

Events (20 events):
Event: 3.758 Thread 0x000001491cb3c3e0 Thread added: 0x000001491d634670
Event: 3.956 Thread 0x000001491cb3c3e0 Thread added: 0x000001491d639c80
Event: 3.992 Thread 0x000001491cb3c3e0 Thread added: 0x000001491d639770
Event: 4.109 Thread 0x000001491cb3c3e0 Thread added: 0x000001491d636ef0
Event: 4.225 Thread 0x000001491cb3c3e0 Thread added: 0x000001491d63a190
Event: 4.439 Thread 0x00000148d5155200 Thread added: 0x000001491eeffad0
Event: 7.240 Thread 0x000001491eeffad0 Thread exited: 0x000001491eeffad0
Event: 7.240 Thread 0x000001491bd4a320 Thread exited: 0x000001491bd4a320
Event: 8.420 Thread 0x00000148d51513f0 Thread added: 0x000001491cbb4190
Event: 8.420 Thread 0x00000148d51513f0 Thread added: 0x000001491b3a5450
Event: 8.888 Thread 0x000001491b3a5450 Thread exited: 0x000001491b3a5450
Event: 8.951 Thread 0x000001491cbb4190 Thread exited: 0x000001491cbb4190
Event: 9.134 Thread 0x00000148d5155200 Thread added: 0x0000014920dd3020
Event: 9.314 Thread 0x0000014920dd3020 Thread exited: 0x0000014920dd3020
Event: 9.774 Thread 0x00000148d5155200 Thread added: 0x00000149203339c0
Event: 10.504 Thread 0x00000149203339c0 Thread exited: 0x00000149203339c0
Event: 10.863 Thread 0x00000148d5155200 Thread added: 0x000001491bac4030
Event: 10.955 Thread 0x00000148d5155200 Thread added: 0x000001491f9d2510
Event: 11.805 Thread 0x000001491f9d2510 Thread exited: 0x000001491f9d2510
Event: 11.849 Thread 0x00000148d5155200 Thread added: 0x000001491dc17860


Dynamic libraries:
0x00007ff7c2c90000 - 0x00007ff7c2c9e000 	C:\Program Files\Eclipse Adoptium\jdk-17.0.19.10-hotspot\bin\java.exe
0x00007fff60750000 - 0x00007fff60948000 	C:\Windows\SYSTEM32\ntdll.dll
0x00007fff5ef50000 - 0x00007fff5f012000 	C:\Windows\System32\KERNEL32.DLL
0x00007fff5de70000 - 0x00007fff5e166000 	C:\Windows\System32\KERNELBASE.dll
0x00007fff5e170000 - 0x00007fff5e270000 	C:\Windows\System32\ucrtbase.dll
0x00007fff538b0000 - 0x00007fff538c8000 	C:\Program Files\Eclipse Adoptium\jdk-17.0.19.10-hotspot\bin\jli.dll
0x00007fff49bf0000 - 0x00007fff49c0e000 	C:\Program Files\Eclipse Adoptium\jdk-17.0.19.10-hotspot\bin\VCRUNTIME140.dll
0x00007fff5fa40000 - 0x00007fff5fbe1000 	C:\Windows\System32\USER32.dll
0x00007fff4c050000 - 0x00007fff4c2eb000 	C:\Windows\WinSxS\amd64_microsoft.windows.common-controls_6595b64144ccf1df_6.0.19041.6456_none_60b8a6cb71f64256\COMCTL32.dll
0x00007fff5e710000 - 0x00007fff5e732000 	C:\Windows\System32\win32u.dll
0x00007fff5e7d0000 - 0x00007fff5e86e000 	C:\Windows\System32\msvcrt.dll
0x00007fff5f020000 - 0x00007fff5f04b000 	C:\Windows\System32\GDI32.dll
0x00007fff5e500000 - 0x00007fff5e619000 	C:\Windows\System32\gdi32full.dll
0x00007fff5e620000 - 0x00007fff5e6bd000 	C:\Windows\System32\msvcp_win.dll
0x00007fff5ff50000 - 0x00007fff5ff7f000 	C:\Windows\System32\IMM32.DLL
0x00007fff4f5d0000 - 0x00007fff4f5dc000 	C:\Program Files\Eclipse Adoptium\jdk-17.0.19.10-hotspot\bin\vcruntime140_1.dll
0x00007fff43420000 - 0x00007fff434ad000 	C:\Program Files\Eclipse Adoptium\jdk-17.0.19.10-hotspot\bin\msvcp140.dll
0x00007ffee0670000 - 0x00007ffee12dc000 	C:\Program Files\Eclipse Adoptium\jdk-17.0.19.10-hotspot\bin\server\jvm.dll
0x00007fff5ea80000 - 0x00007fff5eb31000 	C:\Windows\System32\ADVAPI32.dll
0x00007fff5f870000 - 0x00007fff5f90f000 	C:\Windows\System32\sechost.dll
0x00007fff5fbf0000 - 0x00007fff5fd10000 	C:\Windows\System32\RPCRT4.dll
0x00007fff5e740000 - 0x00007fff5e767000 	C:\Windows\System32\bcrypt.dll
0x00007fff5f710000 - 0x00007fff5f77b000 	C:\Windows\System32\WS2_32.dll
0x00007fff5dc40000 - 0x00007fff5dc8b000 	C:\Windows\SYSTEM32\POWRPROF.dll
0x00007fff414e0000 - 0x00007fff41507000 	C:\Windows\SYSTEM32\WINMM.dll
0x00007fff4c680000 - 0x00007fff4c68a000 	C:\Windows\SYSTEM32\VERSION.dll
0x00007fff5dc20000 - 0x00007fff5dc32000 	C:\Windows\SYSTEM32\UMPDC.dll
0x00007fff5bc50000 - 0x00007fff5bc62000 	C:\Windows\SYSTEM32\kernel.appcore.dll
0x00007fff49be0000 - 0x00007fff49bea000 	C:\Program Files\Eclipse Adoptium\jdk-17.0.19.10-hotspot\bin\jimage.dll
0x00007fff45b50000 - 0x00007fff45d51000 	C:\Windows\SYSTEM32\DBGHELP.DLL
0x00007fff45b10000 - 0x00007fff45b44000 	C:\Windows\SYSTEM32\dbgcore.DLL
0x00007fff5dde0000 - 0x00007fff5de62000 	C:\Windows\System32\bcryptPrimitives.dll
0x00007fff44d20000 - 0x00007fff44d2e000 	C:\Program Files\Eclipse Adoptium\jdk-17.0.19.10-hotspot\bin\instrument.dll
0x00007fff49bb0000 - 0x00007fff49bd5000 	C:\Program Files\Eclipse Adoptium\jdk-17.0.19.10-hotspot\bin\java.dll
0x00007fff43340000 - 0x00007fff43417000 	C:\Program Files\Eclipse Adoptium\jdk-17.0.19.10-hotspot\bin\jsvml.dll
0x00007fff5ffa0000 - 0x00007fff60710000 	C:\Windows\System32\SHELL32.dll
0x00007fff5be50000 - 0x00007fff5c5f5000 	C:\Windows\SYSTEM32\windows.storage.dll
0x00007fff5ebf0000 - 0x00007fff5ef44000 	C:\Windows\System32\combase.dll
0x00007fff5d730000 - 0x00007fff5d75b000 	C:\Windows\SYSTEM32\Wldp.dll
0x00007fff5f910000 - 0x00007fff5f9dd000 	C:\Windows\System32\OLEAUT32.dll
0x00007fff5eb40000 - 0x00007fff5ebed000 	C:\Windows\System32\SHCORE.dll
0x00007fff5e770000 - 0x00007fff5e7cb000 	C:\Windows\System32\shlwapi.dll
0x00007fff5dd10000 - 0x00007fff5dd34000 	C:\Windows\SYSTEM32\profapi.dll
0x00007fff47000000 - 0x00007fff47018000 	C:\Program Files\Eclipse Adoptium\jdk-17.0.19.10-hotspot\bin\zip.dll
0x00007fff49b90000 - 0x00007fff49baa000 	C:\Program Files\Eclipse Adoptium\jdk-17.0.19.10-hotspot\bin\net.dll
0x00007fff55e80000 - 0x00007fff55f8a000 	C:\Windows\SYSTEM32\WINHTTP.dll
0x00007fff5d490000 - 0x00007fff5d4fa000 	C:\Windows\system32\mswsock.dll
0x00007fff49a40000 - 0x00007fff49a56000 	C:\Program Files\Eclipse Adoptium\jdk-17.0.19.10-hotspot\bin\nio.dll
0x00007fff49c10000 - 0x00007fff49c20000 	C:\Program Files\Eclipse Adoptium\jdk-17.0.19.10-hotspot\bin\verify.dll
0x00007fff44c40000 - 0x00007fff44c67000 	C:\Users\robik\.gradle\native\c067742578af261105cb4f569cf0c3c89f3d7b1fecec35dd04571415982c5e48\windows-amd64\native-platform.dll
0x00007fff3c640000 - 0x00007fff3c784000 	C:\Users\robik\.gradle\native\100fb08df4bc3b14c8652ba06237920a3bd2aa13389f12d3474272988ae205f9\windows-amd64\native-platform-file-events.dll
0x00007fff46cf0000 - 0x00007fff46cfa000 	C:\Program Files\Eclipse Adoptium\jdk-17.0.19.10-hotspot\bin\management.dll
0x00007fff46ce0000 - 0x00007fff46cec000 	C:\Program Files\Eclipse Adoptium\jdk-17.0.19.10-hotspot\bin\management_ext.dll
0x00007fff5f050000 - 0x00007fff5f058000 	C:\Windows\System32\PSAPI.DLL
0x00007fff5d680000 - 0x00007fff5d698000 	C:\Windows\SYSTEM32\CRYPTSP.dll
0x00007fff5cdb0000 - 0x00007fff5cde8000 	C:\Windows\system32\rsaenh.dll
0x00007fff5dc90000 - 0x00007fff5dcbe000 	C:\Windows\SYSTEM32\USERENV.dll
0x00007fff5d6a0000 - 0x00007fff5d6ac000 	C:\Windows\SYSTEM32\CRYPTBASE.dll
0x00007fff5d170000 - 0x00007fff5d1ab000 	C:\Windows\SYSTEM32\IPHLPAPI.DLL
0x00007fff5f860000 - 0x00007fff5f868000 	C:\Windows\System32\NSI.dll
0x00007fff54490000 - 0x00007fff544a7000 	C:\Windows\SYSTEM32\dhcpcsvc6.DLL
0x00007fff55cb0000 - 0x00007fff55ccd000 	C:\Windows\SYSTEM32\dhcpcsvc.DLL
0x00007fff5d1b0000 - 0x00007fff5d27a000 	C:\Windows\SYSTEM32\DNSAPI.dll
0x00007fff44d10000 - 0x00007fff44d19000 	C:\Program Files\Eclipse Adoptium\jdk-17.0.19.10-hotspot\bin\extnet.dll
0x00007fff44d00000 - 0x00007fff44d0e000 	C:\Program Files\Eclipse Adoptium\jdk-17.0.19.10-hotspot\bin\sunmscapi.dll
0x00007fff5e270000 - 0x00007fff5e3cd000 	C:\Windows\System32\CRYPT32.dll
0x00007fff5d7a0000 - 0x00007fff5d7c7000 	C:\Windows\SYSTEM32\ncrypt.dll
0x00007fff5d760000 - 0x00007fff5d79b000 	C:\Windows\SYSTEM32\NTASN1.dll
0x00007fff591d0000 - 0x00007fff591d7000 	C:\Windows\system32\wshunix.dll

dbghelp: loaded successfully - version: 4.0.5 - missing functions: none
symbol engine: initialized successfully - sym options: 0x614 - pdb path: .;C:\Program Files\Eclipse Adoptium\jdk-17.0.19.10-hotspot\bin;C:\Windows\SYSTEM32;C:\Windows\WinSxS\amd64_microsoft.windows.common-controls_6595b64144ccf1df_6.0.19041.6456_none_60b8a6cb71f64256;C:\Program Files\Eclipse Adoptium\jdk-17.0.19.10-hotspot\bin\server;C:\Users\robik\.gradle\native\c067742578af261105cb4f569cf0c3c89f3d7b1fecec35dd04571415982c5e48\windows-amd64;C:\Users\robik\.gradle\native\100fb08df4bc3b14c8652ba06237920a3bd2aa13389f12d3474272988ae205f9\windows-amd64

VM Arguments:
jvm_args: --add-opens=java.base/java.util=ALL-UNNAMED --add-opens=java.base/java.lang=ALL-UNNAMED --add-opens=java.base/java.lang.invoke=ALL-UNNAMED --add-opens=java.prefs/java.util.prefs=ALL-UNNAMED --add-exports=jdk.compiler/com.sun.tools.javac.api=ALL-UNNAMED --add-exports=jdk.compiler/com.sun.tools.javac.util=ALL-UNNAMED --add-opens=java.base/java.nio.charset=ALL-UNNAMED --add-opens=java.base/java.net=ALL-UNNAMED --add-opens=java.base/java.util.concurrent.atomic=ALL-UNNAMED -Xmx2048m -Dfile.encoding=UTF-8 -Duser.country=AR -Duser.language=es -Duser.variant -javaagent:C:\Users\robik\.gradle\wrapper\dists\gradle-8.9-bin\90cnw93cvbtalezasaz0blq0a\gradle-8.9\lib\agents\gradle-instrumentation-agent-8.9.jar 
java_command: org.gradle.launcher.daemon.bootstrap.GradleDaemon 8.9
java_class_path (initial): C:\Users\robik\.gradle\wrapper\dists\gradle-8.9-bin\90cnw93cvbtalezasaz0blq0a\gradle-8.9\lib\gradle-daemon-main-8.9.jar
Launcher Type: SUN_STANDARD

[Global flags]
     intx CICompilerCount                          = 4                                         {product} {ergonomic}
     uint ConcGCThreads                            = 2                                         {product} {ergonomic}
     uint G1ConcRefinementThreads                  = 8                                         {product} {ergonomic}
   size_t G1HeapRegionSize                         = 1048576                                   {product} {ergonomic}
    uintx GCDrainStackTargetSize                   = 64                                        {product} {ergonomic}
   size_t InitialHeapSize                          = 134217728                                 {product} {ergonomic}
   size_t MarkStackSize                            = 4194304                                   {product} {ergonomic}
   size_t MaxHeapSize                              = 2147483648                                {product} {command line}
   size_t MaxNewSize                               = 1287651328                                {product} {ergonomic}
   size_t MinHeapDeltaBytes                        = 1048576                                   {product} {ergonomic}
   size_t MinHeapSize                              = 8388608                                   {product} {ergonomic}
    uintx NonNMethodCodeHeapSize                   = 5839372                                {pd product} {ergonomic}
    uintx NonProfiledCodeHeapSize                  = 122909434                              {pd product} {ergonomic}
    uintx ProfiledCodeHeapSize                     = 122909434                              {pd product} {ergonomic}
    uintx ReservedCodeCacheSize                    = 251658240                              {pd product} {ergonomic}
     bool SegmentedCodeCache                       = true                                      {product} {ergonomic}
   size_t SoftMaxHeapSize                          = 2147483648                             {manageable} {ergonomic}
     bool UseCompressedClassPointers               = true                           {product lp64_product} {ergonomic}
     bool UseCompressedOops                        = true                           {product lp64_product} {ergonomic}
     bool UseG1GC                                  = true                                      {product} {ergonomic}
     bool UseLargePagesIndividualAllocation        = false                                  {pd product} {ergonomic}

Logging:
Log output configuration:
 #0: stdout all=warning uptime,level,tags
 #1: stderr all=off uptime,level,tags

Environment Variables:
JAVA_HOME=C:\Program Files\Eclipse Adoptium\jdk-17.0.19.10-hotspot
CLASSPATH=C:\Users\robik\market-ia\apk\jupiter-app\\gradle\wrapper\gradle-wrapper.jar
PATH=C:\Program Files\Eclipse Adoptium\jdk-17.0.19.10-hotspot\bin;C:\Program Files (x86)\Intel\iCLS Client\;C:\Program Files\Intel\iCLS Client\;C:\Windows\system32;C:\Windows;C:\Windows\System32\Wbem;C:\Windows\System32\WindowsPowerShell\v1.0\;C:\Windows\System32\OpenSSH\;C:\Program Files\Intel\Intel(R) Management Engine Components\DAL;C:\Program Files (x86)\Intel\Intel(R) Management Engine Components\DAL;C:\Program Files\Intel\Intel(R) Management Engine Components\IPT;C:\Program Files (x86)\Intel\Intel(R) Management Engine Components\IPT;C:\Program Files\;C:\Program Files\Git\cmd;C:\Users\robik\.local\bin;C:\Users\robik\AppData\Local\Microsoft\WindowsApps;C:\Users\robik\AppData\Local\Programs\Microsoft VS Code\bin;C:\Users\robik\AppData\Roaming\npm
USERNAME=robik
OS=Windows_NT
PROCESSOR_IDENTIFIER=Intel64 Family 6 Model 70 Stepping 1, GenuineIntel
TMP=C:\Users\robik\AppData\Local\Temp
TEMP=C:\Users\robik\AppData\Local\Temp



Periodic native trim disabled


---------------  S Y S T E M  ---------------

OS:
 Windows 10 , 64 bit Build 19041 (10.0.19041.5915)
OS uptime: 0 days 5:33 hours

CPU: total 8 (initial active 8) (4 cores per cpu, 2 threads per core) family 6 model 70 stepping 1 microcode 0x1c, cx8, cmov, fxsr, ht, mmx, sse, sse2, sse3, ssse3, sse4.1, sse4.2, popcnt, lzcnt, tsc, tscinvbit, avx, avx2, aes, erms, clmul, bmi1, bmi2, fma, vzeroupper, clflush
Processor Information for all 8 processors :
  Max Mhz: 2001, Current Mhz: 2001, Mhz Limit: 2001

Memory: 4k page, system-wide physical 8100M (1341M free)
TotalPageFile size 16078M (AvailPageFile size 5M)
current process WorkingSet (physical memory assigned to process): 406M, peak: 406M
current process commit charge ("private bytes"): 451M, peak: 452M

vm_info: OpenJDK 64-Bit Server VM (17.0.19+10) for windows-amd64 JRE (17.0.19+10), built on Apr 25 2026 08:04:44 by "admin" with MS VC++ 17.12 (VS2022)

END.
